<?xml version="1.0" encoding="UTF-8"?>
<testng-results ignored="0" total="1" passed="1" failed="0" skipped="0">
  <reporter-output>
  </reporter-output>
  <suite started-at="2024-12-20T11:30:38 IST" name="Default suite" finished-at="2024-12-20T11:30:52 IST" duration-ms="14677">
    <groups>
    </groups>
    <test started-at="2024-12-20T11:30:38 IST" name="Default test" finished-at="2024-12-20T11:30:52 IST" duration-ms="14677">
      <class name="testScripts.GooglePageTest">
        <test-method signature="seleniumSearchTest()[pri:0, instance:testScripts.GooglePageTest@fa49800]" started-at="2024-12-20T11:30:38 IST" name="seleniumSearchTest" finished-at="2024-12-20T11:30:52 IST" duration-ms="14581" status="PASS">
          <reporter-output>
          </reporter-output>
        </test-method> <!-- seleniumSearchTest -->
      </class> <!-- testScripts.GooglePageTest -->
    </test> <!-- Default test -->
  </suite> <!-- Default suite -->
</testng-results>
